2025-10-25 21:51:INFO    AT utils_logger.py:105: Logging to file: C:\Repos\smart-store-wilkersonderek\project.log
2025-10-25 21:51:INFO    AT demo_module_basics.py:90: Starting demo_python() function.
2025-10-25 21:51:INFO    AT demo_module_basics.py:37: Name Python files with lowercase and underscores.
2025-10-25 21:51:INFO    AT demo_module_basics.py:38: In Python, comments start with a '#' symbol and are not executed.
2025-10-25 21:51:INFO    AT demo_module_basics.py:39: Comments can also be wrapped in triple single quotes or triple backticks.
2025-10-25 21:51:INFO    AT demo_module_basics.py:43: Variables are used to store values.
2025-10-25 21:51:INFO    AT demo_module_basics.py:44: Type hints are optional but recommended for clarity.
2025-10-25 21:51:INFO    AT demo_module_basics.py:45:   example_number = 42
2025-10-25 21:51:INFO    AT demo_module_basics.py:46:   count: int = 42
2025-10-25 21:51:INFO    AT demo_module_basics.py:47:   temp_F: float = 42.2
2025-10-25 21:51:INFO    AT demo_module_basics.py:48:   user_name: str = "Data Analyst"
2025-10-25 21:51:INFO    AT demo_module_basics.py:54: Result: example_number=42, count=42, temp_f=42.2, user_name='Data Analyst'.
2025-10-25 21:51:INFO    AT demo_module_basics.py:58: Functions in Python are blocks of reusable code.
2025-10-25 21:51:INFO    AT demo_module_basics.py:59: You can call a function by using its name followed by parentheses.
2025-10-25 21:51:INFO    AT demo_module_basics.py:60: We use f-strings to combine text and values in Python.
2025-10-25 21:51:INFO    AT demo_module_basics.py:61:   Put the 'f' immediately before the opening quote of the string text.
2025-10-25 21:51:INFO    AT demo_module_basics.py:65: Python has many built-in functions, like min(), max(), and len().
2025-10-25 21:51:INFO    AT demo_module_basics.py:70: For the list of numbers: [1, 2, 3]
2025-10-25 21:51:INFO    AT demo_module_basics.py:71:   The minimum value is min(numbers): 1
2025-10-25 21:51:INFO    AT demo_module_basics.py:72:   The maximum value is max(numbers): 3
2025-10-25 21:51:INFO    AT demo_module_basics.py:73:   The length of the list is len(numbers): 3
2025-10-25 21:51:INFO    AT demo_module_basics.py:78: In Python, indentation matters = True!
2025-10-25 21:51:INFO    AT demo_module_basics.py:79: In Python, spelling matters = True!
2025-10-25 21:51:INFO    AT demo_module_basics.py:80: In Python, uppercase/lowercase matters = True!
2025-10-25 21:51:INFO    AT demo_module_basics.py:96: Experiment with this demo script to learn the basics quickly.
2025-10-25 21:51:INFO    AT demo_module_basics.py:97: Exiting demo_python() function.
2025-10-25 21:51:INFO    AT utils_logger.py:105: Logging to file: C:\Repos\smart-store-wilkersonderek\project.log
2025-10-25 21:51:INFO    AT demo_module_stats.py:98: 
STATS SUMMARY
Scores (n=7): [3.5, 4.0, 4.8, 2.9, 3.7, 4.3, 3.8]
metric                 value
----------------------------
min                     2.90
max                     4.80
mean                    3.86
stdev                   0.60

2025-10-25 21:55:INFO    AT utils_logger.py:105: Logging to file: C:\Repos\smart-store-wilkersonderek\project.log
2025-10-25 21:55:INFO    AT demo_module_basics.py:90: Starting demo_python() function.
2025-10-25 21:55:INFO    AT demo_module_basics.py:37: Name Python files with lowercase and underscores.
2025-10-25 21:55:INFO    AT demo_module_basics.py:38: In Python, comments start with a '#' symbol and are not executed.
2025-10-25 21:55:INFO    AT demo_module_basics.py:39: Comments can also be wrapped in triple single quotes or triple backticks.
2025-10-25 21:55:INFO    AT demo_module_basics.py:43: Variables are used to store values.
2025-10-25 21:55:INFO    AT demo_module_basics.py:44: Type hints are optional but recommended for clarity.
2025-10-25 21:55:INFO    AT demo_module_basics.py:45:   example_number = 42
2025-10-25 21:55:INFO    AT demo_module_basics.py:46:   count: int = 42
2025-10-25 21:55:INFO    AT demo_module_basics.py:47:   temp_F: float = 42.2
2025-10-25 21:55:INFO    AT demo_module_basics.py:48:   user_name: str = "Data Analyst"
2025-10-25 21:55:INFO    AT demo_module_basics.py:54: Result: example_number=42, count=42, temp_f=42.2, user_name='Data Analyst'.
2025-10-25 21:55:INFO    AT demo_module_basics.py:58: Functions in Python are blocks of reusable code.
2025-10-25 21:55:INFO    AT demo_module_basics.py:59: You can call a function by using its name followed by parentheses.
2025-10-25 21:55:INFO    AT demo_module_basics.py:60: We use f-strings to combine text and values in Python.
2025-10-25 21:55:INFO    AT demo_module_basics.py:61:   Put the 'f' immediately before the opening quote of the string text.
2025-10-25 21:55:INFO    AT demo_module_basics.py:65: Python has many built-in functions, like min(), max(), and len().
2025-10-25 21:55:INFO    AT demo_module_basics.py:70: For the list of numbers: [1, 2, 3]
2025-10-25 21:55:INFO    AT demo_module_basics.py:71:   The minimum value is min(numbers): 1
2025-10-25 21:55:INFO    AT demo_module_basics.py:72:   The maximum value is max(numbers): 3
2025-10-25 21:55:INFO    AT demo_module_basics.py:73:   The length of the list is len(numbers): 3
2025-10-25 21:55:INFO    AT demo_module_basics.py:78: In Python, indentation matters = True!
2025-10-25 21:55:INFO    AT demo_module_basics.py:79: In Python, spelling matters = True!
2025-10-25 21:55:INFO    AT demo_module_basics.py:80: In Python, uppercase/lowercase matters = True!
2025-10-25 21:55:INFO    AT demo_module_basics.py:96: Experiment with this demo script to learn the basics quickly.
2025-10-25 21:55:INFO    AT demo_module_basics.py:97: Exiting demo_python() function.
2025-10-25 21:55:INFO    AT utils_logger.py:105: Logging to file: C:\Repos\smart-store-wilkersonderek\project.log
2025-10-25 21:55:INFO    AT demo_module_stats.py:98: 
STATS SUMMARY
Scores (n=7): [3.5, 4.0, 4.8, 2.9, 3.7, 4.3, 3.8]
metric                 value
----------------------------
min                     2.90
max                     4.80
mean                    3.86
stdev                   0.60

2025-10-25 22:45:INFO    AT utils_logger.py:105: Logging to file: C:\Repos\smart-store-wilkersonderek\project.log
2025-10-25 22:45:INFO    AT demo_module_basics.py:90: Starting demo_python() function.
2025-10-25 22:45:INFO    AT demo_module_basics.py:37: Name Python files with lowercase and underscores.
2025-10-25 22:45:INFO    AT demo_module_basics.py:38: In Python, comments start with a '#' symbol and are not executed.
2025-10-25 22:45:INFO    AT demo_module_basics.py:39: Comments can also be wrapped in triple single quotes or triple backticks.
2025-10-25 22:45:INFO    AT demo_module_basics.py:43: Variables are used to store values.
2025-10-25 22:45:INFO    AT demo_module_basics.py:44: Type hints are optional but recommended for clarity.
2025-10-25 22:45:INFO    AT demo_module_basics.py:45:   example_number = 42
2025-10-25 22:45:INFO    AT demo_module_basics.py:46:   count: int = 42
2025-10-25 22:45:INFO    AT demo_module_basics.py:47:   temp_F: float = 42.2
2025-10-25 22:45:INFO    AT demo_module_basics.py:48:   user_name: str = "Data Analyst"
2025-10-25 22:45:INFO    AT demo_module_basics.py:54: Result: example_number=42, count=42, temp_f=42.2, user_name='Data Analyst'.
2025-10-25 22:45:INFO    AT demo_module_basics.py:58: Functions in Python are blocks of reusable code.
2025-10-25 22:45:INFO    AT demo_module_basics.py:59: You can call a function by using its name followed by parentheses.
2025-10-25 22:45:INFO    AT demo_module_basics.py:60: We use f-strings to combine text and values in Python.
2025-10-25 22:45:INFO    AT demo_module_basics.py:61:   Put the 'f' immediately before the opening quote of the string text.
2025-10-25 22:45:INFO    AT demo_module_basics.py:65: Python has many built-in functions, like min(), max(), and len().
2025-10-25 22:45:INFO    AT demo_module_basics.py:70: For the list of numbers: [1, 2, 3]
2025-10-25 22:45:INFO    AT demo_module_basics.py:71:   The minimum value is min(numbers): 1
2025-10-25 22:45:INFO    AT demo_module_basics.py:72:   The maximum value is max(numbers): 3
2025-10-25 22:45:INFO    AT demo_module_basics.py:73:   The length of the list is len(numbers): 3
2025-10-25 22:45:INFO    AT demo_module_basics.py:78: In Python, indentation matters = True!
2025-10-25 22:45:INFO    AT demo_module_basics.py:79: In Python, spelling matters = True!
2025-10-25 22:45:INFO    AT demo_module_basics.py:80: In Python, uppercase/lowercase matters = True!
2025-10-25 22:45:INFO    AT demo_module_basics.py:96: Experiment with this demo script to learn the basics quickly.
2025-10-25 22:45:INFO    AT demo_module_basics.py:97: Exiting demo_python() function.
2025-10-25 22:45:INFO    AT utils_logger.py:105: Logging to file: C:\Repos\smart-store-wilkersonderek\project.log
2025-10-25 22:45:INFO    AT demo_module_stats.py:98: 
STATS SUMMARY
Scores (n=7): [3.5, 4.0, 4.8, 2.9, 3.7, 4.3, 3.8]
metric                 value
----------------------------
min                     2.90
max                     4.80
mean                    3.86
stdev                   0.60

2025-11-04 18:41:37,782 | INFO | __main__ | === Starting customers data preparation ===
2025-11-04 18:41:37,782 | INFO | __main__ | Loading customers data from C:\Repos\smart-store-wilkersonderek\data\raw\customers_data.csv
2025-11-04 18:41:37,789 | INFO | __main__ | Raw customers shape: (201, 6)
2025-11-04 18:41:37,789 | INFO | __main__ | Dropped 0 duplicate rows
2025-11-04 18:41:37,789 | INFO | __main__ | Dropped 0 rows with missing key fields (['CustomerID', 'Name'])
2025-11-04 18:41:37,796 | INFO | __main__ | Removing outliers from numeric columns: ['CustomerID', 'LoyaltyPoints_Num']
2025-11-04 18:41:37,799 | INFO | __main__ | Removed 0 rows as numeric outliers
2025-11-04 18:41:37,799 | INFO | __main__ | Final customers shape after cleaning: (201, 6)
2025-11-04 18:41:37,810 | INFO | __main__ | Saved cleaned customers data to C:\Repos\smart-store-wilkersonderek\data\processed\customers_data_clean.csv
2025-11-04 18:41:37,811 | INFO | __main__ | === Finished customers data preparation ===
2025-11-05 07:01:38,938 | INFO | __main__ | === Starting products data preparation ===
2025-11-05 07:01:38,940 | INFO | __main__ | Loading products data from C:\Repos\smart-store-wilkersonderek\data\raw\products_data.csv
2025-11-05 07:01:38,949 | INFO | __main__ | Raw products shape: (100, 6)
2025-11-05 07:01:38,951 | INFO | __main__ | Dropped 0 duplicate product rows
2025-11-05 07:01:38,953 | INFO | __main__ | Dropped 0 rows with missing key product fields (['ProductID', 'ProductName'])
2025-11-05 07:01:38,954 | INFO | __main__ | Removing outliers from numeric columns: ['UnitPrice', 'CurrentDiscount_Pct']
2025-11-05 07:01:38,957 | INFO | __main__ | Removed 0 rows as numeric outliers
2025-11-05 07:01:38,957 | INFO | __main__ | Final products shape after cleaning: (100, 6)
2025-11-05 07:01:38,962 | INFO | __main__ | Saved cleaned products data to C:\Repos\smart-store-wilkersonderek\data\processed\products_data_clean.csv
2025-11-05 07:01:38,962 | INFO | __main__ | === Finished products data preparation ===
2025-11-05 07:06:13,848 | INFO | __main__ | === Starting products data preparation ===
2025-11-05 07:06:13,848 | INFO | __main__ | Loading products data from C:\Repos\smart-store-wilkersonderek\data\raw\products_data.csv
2025-11-05 07:06:13,857 | INFO | __main__ | Raw products shape: (100, 6)
2025-11-05 07:06:13,857 | INFO | __main__ | Dropped 0 duplicate product rows
2025-11-05 07:06:13,860 | INFO | __main__ | Dropped 0 rows with missing key product fields (['ProductID', 'ProductName'])
2025-11-05 07:06:13,862 | INFO | __main__ | Removing outliers from numeric columns: ['UnitPrice', 'CurrentDiscount_Pct']
2025-11-05 07:06:13,867 | INFO | __main__ | Removed 0 rows as numeric outliers
2025-11-05 07:06:13,868 | INFO | __main__ | Final products shape after cleaning: (100, 6)
2025-11-05 07:06:13,872 | INFO | __main__ | Saved cleaned products data to C:\Repos\smart-store-wilkersonderek\data\processed\products_data_clean.csv
2025-11-05 07:06:13,872 | INFO | __main__ | === Finished products data preparation ===
2025-11-05 07:06:57,648 | INFO | __main__ | === Starting sales data preparation ===
2025-11-05 07:06:57,648 | INFO | __main__ | Loading sales data from C:\Repos\smart-store-wilkersonderek\data\raw\sales_data.csv
2025-11-05 07:06:57,666 | INFO | __main__ | Raw sales shape: (2001, 9)
2025-11-05 07:06:57,667 | INFO | __main__ | Dropped 0 duplicate sales rows
2025-11-05 07:06:57,668 | INFO | __main__ | Dropped 0 rows with missing key sales fields (['CustomerID', 'ProductID'])
2025-11-05 07:06:57,669 | INFO | __main__ | Removing outliers from numeric columns: ['BonusPoints_Num']
2025-11-05 07:06:57,671 | INFO | __main__ | Removed 0 rows as numeric outliers
2025-11-05 07:06:57,671 | INFO | __main__ | Final sales shape after cleaning: (2001, 9)
2025-11-05 07:06:57,676 | INFO | __main__ | Saved cleaned sales data to C:\Repos\smart-store-wilkersonderek\data\processed\sales_data_clean.csv
2025-11-05 07:06:57,676 | INFO | __main__ | === Finished sales data preparation ===
